生成启动时间为 2017/11/13 10:39:22。
     1>项目“E:\myself code\OciTest\OciTest\OciTest\OciTest.vcxproj”在节点 2 上(build 个目标)。
     1>InitializeBuildStatus:
         正在创建“Debug\OciTest.unsuccessfulbuild”，因为已指定“AlwaysCreate”。
       ClCompile:
         d:\vs\VC\bin\CL.exe /c /I..\OCI\Include /ZI /nologo /W3 /WX- /Od /Oy- /D _MBCS /Gm /EHsc /RTC1 /MTd /GS /fp:precise /Zc:wchar_t /Zc:forScope /Fo"Debug\\" /Fd"Debug\vc100.pdb" /Gd /TP /analyze- /errorReport:prompt DBConnection.cpp DataTable.cpp DbPool.cpp main.cpp
         main.cpp
     1>e:\myself code\ocitest\ocitest\ocitest\main.cpp(22): warning C4996: 'sprintf': This function or variable may be unsafe. Consider using sprintf_s instead. To disable deprecation, use _CRT_SECURE_NO_WARNINGS. See online help for details.
                 d:\vs\vc\include\stdio.h(371) : 参见“sprintf”的声明
     1>e:\myself code\ocitest\ocitest\ocitest\main.cpp(24): error C3861: “sleep”: 找不到标识符
     1>e:\myself code\ocitest\ocitest\ocitest\main.cpp(45): error C3861: “sleep”: 找不到标识符
     1>e:\myself code\ocitest\ocitest\ocitest\main.cpp(64): error C3861: “sleep”: 找不到标识符
         DbPool.cpp
     1>e:\myself code\ocitest\ocitest\ocitest\dbpool.cpp(21): warning C4996: 'strcpy': This function or variable may be unsafe. Consider using strcpy_s instead. To disable deprecation, use _CRT_SECURE_NO_WARNINGS. See online help for details.
                 d:\vs\vc\include\string.h(105) : 参见“strcpy”的声明
     1>e:\myself code\ocitest\ocitest\ocitest\dbpool.cpp(23): warning C4996: 'strcpy': This function or variable may be unsafe. Consider using strcpy_s instead. To disable deprecation, use _CRT_SECURE_NO_WARNINGS. See online help for details.
                 d:\vs\vc\include\string.h(105) : 参见“strcpy”的声明
     1>e:\myself code\ocitest\ocitest\ocitest\dbpool.cpp(25): warning C4996: 'strcpy': This function or variable may be unsafe. Consider using strcpy_s instead. To disable deprecation, use _CRT_SECURE_NO_WARNINGS. See online help for details.
                 d:\vs\vc\include\string.h(105) : 参见“strcpy”的声明
     1>e:\myself code\ocitest\ocitest\ocitest\dbpool.cpp(122): warning C4996: 'sprintf': This function or variable may be unsafe. Consider using sprintf_s instead. To disable deprecation, use _CRT_SECURE_NO_WARNINGS. See online help for details.
                 d:\vs\vc\include\stdio.h(371) : 参见“sprintf”的声明
         DataTable.cpp
     1>e:\myself code\ocitest\ocitest\ocitest\datatable.cpp(144): warning C4996: 'sprintf': This function or variable may be unsafe. Consider using sprintf_s instead. To disable deprecation, use _CRT_SECURE_NO_WARNINGS. See online help for details.
                 d:\vs\vc\include\stdio.h(371) : 参见“sprintf”的声明
     1>e:\myself code\ocitest\ocitest\ocitest\datatable.cpp(146): warning C4996: 'sprintf': This function or variable may be unsafe. Consider using sprintf_s instead. To disable deprecation, use _CRT_SECURE_NO_WARNINGS. See online help for details.
                 d:\vs\vc\include\stdio.h(371) : 参见“sprintf”的声明
         DBConnection.cpp
         正在生成代码...
     1>e:\myself code\ocitest\ocitest\ocitest\dbconnection.cpp(87): warning C4700: 使用了未初始化的局部变量“phStmt”
     1>e:\myself code\ocitest\ocitest\ocitest\dbconnection.cpp(121): warning C4700: 使用了未初始化的局部变量“phStmt”
     1>e:\myself code\ocitest\ocitest\ocitest\dbconnection.cpp(209): warning C4700: 使用了未初始化的局部变量“phStmt”
     1>已完成生成项目“E:\myself code\OciTest\OciTest\OciTest\OciTest.vcxproj”(build 个目标)的操作 - 失败。

生成失败。

已用时间 00:00:02.58
